0 info it worked if it ends with ok
1 verbose cli [ '/usr/bin/nodejs', '/usr/bin/npm', 'install', '-g', 'gulp' ]
2 info using npm@1.4.21
3 info using node@v0.10.25
4 verbose cache add [ 'gulp', null ]
5 verbose cache add name=undefined spec="gulp" args=["gulp",null]
6 verbose parsed url { protocol: null,
6 verbose parsed url   slashes: null,
6 verbose parsed url   auth: null,
6 verbose parsed url   host: null,
6 verbose parsed url   port: null,
6 verbose parsed url   hostname: null,
6 verbose parsed url   hash: null,
6 verbose parsed url   search: null,
6 verbose parsed url   query: null,
6 verbose parsed url   pathname: 'gulp',
6 verbose parsed url   path: 'gulp',
6 verbose parsed url   href: 'gulp' }
7 silly lockFile 9750c68d-gulp gulp
8 verbose lock gulp /home/vkompaniec/.npm/9750c68d-gulp.lock
9 silly lockFile 9750c68d-gulp gulp
10 silly lockFile 9750c68d-gulp gulp
11 verbose addNamed [ 'gulp', '' ]
12 verbose addNamed [ null, '*' ]
13 silly lockFile 72f4391e-gulp gulp@
14 verbose lock gulp@ /home/vkompaniec/.npm/72f4391e-gulp.lock
15 silly addNameRange { name: 'gulp', range: '*', hasData: false }
16 verbose request where is /gulp
17 verbose request registry https://registry.npmjs.org/
18 verbose request id 8016d9594a0885f5
19 verbose url raw /gulp
20 verbose url resolving [ 'https://registry.npmjs.org/', './gulp' ]
21 verbose url resolved https://registry.npmjs.org/gulp
22 verbose request where is https://registry.npmjs.org/gulp
23 info trying registry request attempt 1 at 13:39:15
24 http GET https://registry.npmjs.org/gulp
25 http 200 https://registry.npmjs.org/gulp
26 silly registry.get cb [ 200,
26 silly registry.get   { server: 'CouchDB/1.5.0 (Erlang OTP/R16B03)',
26 silly registry.get     etag: '"92X55J15K8TMSXAGS3OP0IJ0G"',
26 silly registry.get     'content-type': 'application/json',
26 silly registry.get     'cache-control': 'max-age=60',
26 silly registry.get     'content-length': '107664',
26 silly registry.get     'accept-ranges': 'bytes',
26 silly registry.get     date: 'Tue, 10 Nov 2015 10:39:21 GMT',
26 silly registry.get     via: '1.1 varnish',
26 silly registry.get     age: '40',
26 silly registry.get     connection: 'keep-alive',
26 silly registry.get     'x-served-by': 'cache-fra1231-FRA',
26 silly registry.get     'x-cache': 'HIT',
26 silly registry.get     'x-cache-hits': '3',
26 silly registry.get     'x-timer': 'S1447151961.104077,VS0,VE0',
26 silly registry.get     vary: 'Accept' } ]
27 silly addNameRange number 2 { name: 'gulp', range: '*', hasData: true }
28 silly addNameRange versions [ 'gulp',
28 silly addNameRange   [ '0.0.1',
28 silly addNameRange     '0.0.2',
28 silly addNameRange     '0.0.3',
28 silly addNameRange     '0.0.4',
28 silly addNameRange     '0.0.5',
28 silly addNameRange     '0.0.7',
28 silly addNameRange     '0.0.8',
28 silly addNameRange     '0.0.9',
28 silly addNameRange     '0.1.0',
28 silly addNameRange     '0.2.0',
28 silly addNameRange     '1.0.0',
28 silly addNameRange     '1.1.0',
28 silly addNameRange     '1.2.0',
28 silly addNameRange     '1.2.1',
28 silly addNameRange     '2.0.0',
28 silly addNameRange     '2.0.1',
28 silly addNameRange     '2.1.0',
28 silly addNameRange     '2.2.0',
28 silly addNameRange     '2.3.0',
28 silly addNameRange     '2.4.0',
28 silly addNameRange     '2.4.1',
28 silly addNameRange     '2.6.0',
28 silly addNameRange     '2.6.1',
28 silly addNameRange     '2.7.0',
28 silly addNameRange     '3.0.0',
28 silly addNameRange     '3.1.1',
28 silly addNameRange     '3.1.2',
28 silly addNameRange     '3.1.3',
28 silly addNameRange     '3.1.4',
28 silly addNameRange     '3.2.0',
28 silly addNameRange     '3.2.1',
28 silly addNameRange     '3.2.2',
28 silly addNameRange     '3.2.3',
28 silly addNameRange     '3.2.4',
28 silly addNameRange     '3.2.5',
28 silly addNameRange     '3.3.0',
28 silly addNameRange     '3.3.1',
28 silly addNameRange     '3.3.2',
28 silly addNameRange     '3.3.4',
28 silly addNameRange     '3.4.0',
28 silly addNameRange     '3.5.0',
28 silly addNameRange     '3.5.1',
28 silly addNameRange     '3.5.2',
28 silly addNameRange     '3.5.5',
28 silly addNameRange     '3.5.6',
28 silly addNameRange     '3.6.0',
28 silly addNameRange     '3.6.1',
28 silly addNameRange     '3.6.2',
28 silly addNameRange     '3.7.0',
28 silly addNameRange     '3.8.0',
28 silly addNameRange     '3.8.1',
28 silly addNameRange     '3.8.2',
28 silly addNameRange     '3.8.3',
28 silly addNameRange     '3.8.4',
28 silly addNameRange     '3.8.5',
28 silly addNameRange     '3.8.6',
28 silly addNameRange     '3.8.7',
28 silly addNameRange     '3.8.8',
28 silly addNameRange     '3.8.9',
28 silly addNameRange     '3.8.10',
28 silly addNameRange     '3.8.11',
28 silly addNameRange     '3.9.0' ] ]
29 verbose addNamed [ 'gulp', '3.9.0' ]
30 verbose addNamed [ '3.9.0', '3.9.0' ]
31 silly lockFile c2697a61-gulp-3-9-0 gulp@3.9.0
32 verbose lock gulp@3.9.0 /home/vkompaniec/.npm/c2697a61-gulp-3-9-0.lock
33 silly lockFile af4766b8-ry-npmjs-org-gulp-gulp-3-9-0-tgz https://registry.npmjs.org/gulp/-/gulp-3.9.0.tgz
34 verbose lock https://registry.npmjs.org/gulp/-/gulp-3.9.0.tgz /home/vkompaniec/.npm/af4766b8-ry-npmjs-org-gulp-gulp-3-9-0-tgz.lock
35 verbose addRemoteTarball [ 'https://registry.npmjs.org/gulp/-/gulp-3.9.0.tgz',
35 verbose addRemoteTarball   'cf1fba4cb558bb8c6ae6c9613f583ae2620d214a' ]
36 info retry fetch attempt 1 at 13:39:23
37 verbose fetch to= /tmp/npm-17858-QQJdkb2e/registry.npmjs.org/gulp/-/gulp-3.9.0.tgz
38 http GET https://registry.npmjs.org/gulp/-/gulp-3.9.0.tgz
39 http 200 https://registry.npmjs.org/gulp/-/gulp-3.9.0.tgz
40 silly lockFile af4766b8-ry-npmjs-org-gulp-gulp-3-9-0-tgz https://registry.npmjs.org/gulp/-/gulp-3.9.0.tgz
41 silly lockFile af4766b8-ry-npmjs-org-gulp-gulp-3-9-0-tgz https://registry.npmjs.org/gulp/-/gulp-3.9.0.tgz
42 silly lockFile c2697a61-gulp-3-9-0 gulp@3.9.0
43 silly lockFile c2697a61-gulp-3-9-0 gulp@3.9.0
44 silly lockFile 72f4391e-gulp gulp@
45 silly lockFile 72f4391e-gulp gulp@
46 silly resolved [ { name: 'gulp',
46 silly resolved     description: 'The streaming build system',
46 silly resolved     version: '3.9.0',
46 silly resolved     homepage: 'http://gulpjs.com',
46 silly resolved     repository: { type: 'git', url: 'git+https://github.com/gulpjs/gulp.git' },
46 silly resolved     author:
46 silly resolved      { name: 'Fractal',
46 silly resolved        email: 'contact@wearefractal.com',
46 silly resolved        url: 'http://wearefractal.com/' },
46 silly resolved     tags: [ 'build', 'stream', 'system', 'make', 'tool', 'asset', 'pipeline' ],
46 silly resolved     files: [ 'index.js', 'lib', 'bin', 'completion' ],
46 silly resolved     bin: { gulp: './bin/gulp.js' },
46 silly resolved     man: [ 'gulp.1' ],
46 silly resolved     dependencies:
46 silly resolved      { archy: '^1.0.0',
46 silly resolved        chalk: '^1.0.0',
46 silly resolved        deprecated: '^0.0.1',
46 silly resolved        'gulp-util': '^3.0.0',
46 silly resolved        interpret: '^0.6.2',
46 silly resolved        liftoff: '^2.1.0',
46 silly resolved        minimist: '^1.1.0',
46 silly resolved        orchestrator: '^0.3.0',
46 silly resolved        'pretty-hrtime': '^1.0.0',
46 silly resolved        semver: '^4.1.0',
46 silly resolved        tildify: '^1.0.0',
46 silly resolved        v8flags: '^2.0.2',
46 silly resolved        'vinyl-fs': '^0.3.0' },
46 silly resolved     devDependencies:
46 silly resolved      { coveralls: '^2.7.0',
46 silly resolved        'graceful-fs': '^3.0.0',
46 silly resolved        istanbul: '^0.3.0',
46 silly resolved        jscs: '~1.12.0',
46 silly resolved        jshint: '^2.5.0',
46 silly resolved        'jshint-stylish': '^1.0.0',
46 silly resolved        'marked-man': '^0.1.3',
46 silly resolved        mkdirp: '^0.5.0',
46 silly resolved        mocha: '^2.0.1',
46 silly resolved        'mocha-lcov-reporter': '^0.0.1',
46 silly resolved        q: '^1.0.0',
46 silly resolved        rimraf: '^2.2.5',
46 silly resolved        should: '^5.0.1' },
46 silly resolved     scripts:
46 silly resolved      { prepublish: 'marked-man --name gulp docs/CLI.md > gulp.1',
46 silly resolved        lint: 'jshint lib bin test index.js --reporter node_modules/jshint-stylish/stylish.js --exclude node_modules && jscs lib bin test index.js',
46 silly resolved        test: 'npm run-script lint && mocha --reporter spec',
46 silly resolved        coveralls: 'istanbul cover _mocha --report lcovonly -- -R spec && cat ./coverage/lcov.info | coveralls && rm -rf ./coverage' },
46 silly resolved     engines: { node: '>= 0.9' },
46 silly resolved     license: 'MIT',
46 silly resolved     gitHead: '657213a52d5e9c19b85df6a42f76341a98c08ae8',
46 silly resolved     bugs: { url: 'https://github.com/gulpjs/gulp/issues' },
46 silly resolved     _id: 'gulp@3.9.0',
46 silly resolved     _shasum: 'cf1fba4cb558bb8c6ae6c9613f583ae2620d214a',
46 silly resolved     _from: 'gulp@',
46 silly resolved     _npmVersion: '2.8.3',
46 silly resolved     _nodeVersion: '0.10.36',
46 silly resolved     _npmUser: { name: 'phated', email: 'blaine@iceddev.com' },
46 silly resolved     maintainers: [ [Object], [Object] ],
46 silly resolved     dist:
46 silly resolved      { shasum: 'cf1fba4cb558bb8c6ae6c9613f583ae2620d214a',
46 silly resolved        tarball: 'http://registry.npmjs.org/gulp/-/gulp-3.9.0.tgz' },
46 silly resolved     directories: {},
46 silly resolved     _resolved: 'https://registry.npmjs.org/gulp/-/gulp-3.9.0.tgz' } ]
47 info install gulp@3.9.0 into /usr/local/lib
48 info installOne gulp@3.9.0
49 verbose lib/node_modules/gulp unbuild
50 verbose tar unpack /home/vkompaniec/.npm/gulp/3.9.0/package.tgz
51 silly lockFile f8641481--usr-local-lib-node-modules-gulp tar:///usr/local/lib/node_modules/gulp
52 verbose lock tar:///usr/local/lib/node_modules/gulp /home/vkompaniec/.npm/f8641481--usr-local-lib-node-modules-gulp.lock
53 silly lockFile 39ad6e42-aniec-npm-gulp-3-9-0-package-tgz tar:///home/vkompaniec/.npm/gulp/3.9.0/package.tgz
54 verbose lock tar:///home/vkompaniec/.npm/gulp/3.9.0/package.tgz /home/vkompaniec/.npm/39ad6e42-aniec-npm-gulp-3-9-0-package-tgz.lock
55 silly gunzTarPerm modes [ '775', '664' ]
56 error tar.unpack untar error /home/vkompaniec/.npm/gulp/3.9.0/package.tgz
57 silly lockFile f8641481--usr-local-lib-node-modules-gulp tar:///usr/local/lib/node_modules/gulp
58 silly lockFile f8641481--usr-local-lib-node-modules-gulp tar:///usr/local/lib/node_modules/gulp
59 silly lockFile 39ad6e42-aniec-npm-gulp-3-9-0-package-tgz tar:///home/vkompaniec/.npm/gulp/3.9.0/package.tgz
60 silly lockFile 39ad6e42-aniec-npm-gulp-3-9-0-package-tgz tar:///home/vkompaniec/.npm/gulp/3.9.0/package.tgz
61 verbose lib/node_modules/gulp unbuild
62 error Error: EACCES, mkdir '/usr/local/lib/node_modules'
62 error  { [Error: EACCES, mkdir '/usr/local/lib/node_modules']
62 error   errno: 3,
62 error   code: 'EACCES',
62 error   path: '/usr/local/lib/node_modules',
62 error   fstream_type: 'Directory',
62 error   fstream_path: '/usr/local/lib/node_modules/gulp',
62 error   fstream_class: 'DirWriter',
62 error   fstream_stack:
62 error    [ '/usr/lib/nodejs/fstream/lib/writer.js:171:23',
62 error      '/usr/lib/nodejs/mkdirp/index.js:46:53',
62 error      'Object.oncomplete (fs.js:107:15)' ] }
63 error Please try running this command again as root/Administrator.
64 error System Linux 4.2.0-16-generic
65 error command "/usr/bin/nodejs" "/usr/bin/npm" "install" "-g" "gulp"
66 error cwd /var/www/html/weightloss
67 error node -v v0.10.25
68 error npm -v 1.4.21
69 error path /usr/local/lib/node_modules
70 error fstream_path /usr/local/lib/node_modules/gulp
71 error fstream_type Directory
72 error fstream_class DirWriter
73 error code EACCES
74 error errno 3
75 error stack Error: EACCES, mkdir '/usr/local/lib/node_modules'
76 error fstream_stack /usr/lib/nodejs/fstream/lib/writer.js:171:23
76 error fstream_stack /usr/lib/nodejs/mkdirp/index.js:46:53
76 error fstream_stack Object.oncomplete (fs.js:107:15)
77 verbose exit [ 3, true ]
